Arguments: 
  /usr/bin/node /usr/share/yarn/bin/yarn.js add cypress

PATH: 
  /home/aminaz/.linuxbrew/bin:/home/aminaz/.npm-global/bin:/usr/lib/jvm/java-8-openjdk-amd64/jre//jre/bin:/home/aminaz/bin:/usr/local/sbin:/usr/local/bin:/usr/sbin:/usr/bin:/sbin:/bin:/usr/games:/usr/local/games:/usr/local/apache-maven/apache-maven-3.0.5/bin:/snap/bin:/home/aminaz/Desktop/softwares/PhpStorm-143.1184.87/bin/

Yarn version: 
  1.5.1

Node version: 
  8.10.0

Platform: 
  linux x64

npm manifest: 
  No manifest

yarn manifest: 
  No manifest

Lockfile: 
  No lockfile

Trace: 
  Error: /media/aminaz/1tb/ubuntuserver/my-project/public/bitbucket/official/matrix-assets/node_modules/cypress: Command failed.
  Exit code: 1
  Command: sh
  Arguments: -c node index.js --exec install
  Directory: /media/aminaz/1tb/ubuntuserver/my-project/public/bitbucket/official/matrix-assets/node_modules/cypress
  Output:
  Installing Cypress (version: 2.1.0)
  
  [?25l[11:26:10]  Downloading Cypress     [started]
  [11:26:10]  Downloading Cypress     [failed]
  [11:26:10] → The Cypress App could not be downloaded.
  
  Please check network connectivity and try again:
  ----------
  
  URL: https://download.cypress.io/desktop/2.1.0?platform=linux&arch=x64
  Error: tunneling socket could not be established, cause=write EPROTO 139669971085120:error:140770FC:SSL routines:SSL23_GET_SERVER_HELLO:unknown protocol:../deps/openssl/openssl/ssl/s23_clnt.c:827:
  ----------
  
  Platform: linux (Ubuntu Linux - 16.04)
  Cypress Version: 2.1.0
  [?25hThe Cypress App could not be downloaded.
  
  Please check network connectivity and try again:
  ----------
  
  URL: https://download.cypress.io/desktop/2.1.0?platform=linux&arch=x64
  Error: tunneling socket could not be established, cause=write EPROTO 139669971085120:error:140770FC:SSL routines:SSL23_GET_SERVER_HELLO:unknown protocol:../deps/openssl/openssl/ssl/s23_clnt.c:827:
  ----------
  
  Platform: linux (Ubuntu Linux - 16.04)
  Cypress Version: 2.1.0
  [?25h
      at ProcessTermError.MessageError (/usr/share/yarn/lib/cli.js:186:110)
      at new ProcessTermError (/usr/share/yarn/lib/cli.js:226:113)
      at ChildProcess.<anonymous> (/usr/share/yarn/lib/cli.js:30281:17)
      at emitTwo (events.js:126:13)
      at ChildProcess.emit (events.js:214:7)
      at maybeClose (internal/child_process.js:925:16)
      at Process.ChildProcess._handle.onexit (internal/child_process.js:209:5)
